# JRE version: Java(TM) SE Runtime Environment (7.0_79-b15) (build 1.7.0_79-b15)
# Java VM: Java HotSpot(TM) 64-Bit Server VM (24.79-b02 mixed mode windows-amd64 compressed oops)
Heap
 PSYoungGen      total 209920K, used 126993K [0x00000000eaa80000, 0x00000000f8680000, 0x0000000100000000)
  eden space 196608K, 64% used [0x00000000eaa80000,0x00000000f2684538,0x00000000f6a80000)
  from space 13312K, 0% used [0x00000000f7980000,0x00000000f7980000,0x00000000f8680000)
  to   space 14336K, 0% used [0x00000000f6a80000,0x00000000f6a80000,0x00000000f7880000)
 ParOldGen       total 70656K, used 19564K [0x00000000c0000000, 0x00000000c4500000, 0x00000000eaa80000)
  object space 70656K, 27% used [0x00000000c0000000,0x00000000c131b3b0,0x00000000c4500000)
 PSPermGen       total 87040K, used 43663K [0x00000000b0000000, 0x00000000b5500000, 0x00000000c0000000)
  object space 87040K, 50% used [0x00000000b0000000,0x00000000b2aa3c88,0x00000000b5500000)
GC Heap History (10 events):
Event: 228.911 GC heap before
{Heap before GC invocations=22 (full 2):
 PSYoungGen      total 168960K, used 153088K [0x00000000eaa80000, 0x00000000f8b80000, 0x0000000100000000)
  eden space 153088K, 100% used [0x00000000eaa80000,0x00000000f4000000,0x00000000f4000000)
  from space 15872K, 0% used [0x00000000f4000000,0x00000000f4000000,0x00000000f4f80000)
  to   space 15360K, 0% used [0x00000000f7c80000,0x00000000f7c80000,0x00000000f8b80000)
 ParOldGen       total 70656K, used 36193K [0x00000000c0000000, 0x00000000c4500000, 0x00000000eaa80000)
  object space 70656K, 51% used [0x00000000c0000000,0x00000000c2358570,0x00000000c4500000)
 PSPermGen       total 92672K, used 44545K [0x00000000b0000000, 0x00000000b5a80000, 0x00000000c0000000)
  object space 92672K, 48% used [0x00000000b0000000,0x00000000b2b80450,0x00000000b5a80000)
Event: 228.937 GC heap after
Heap after GC invocations=22 (full 2):
 PSYoungGen      total 209920K, used 8467K [0x00000000eaa80000, 0x00000000f8980000, 0x0000000100000000)
  eden space 196608K, 0% used [0x00000000eaa80000,0x00000000eaa80000,0x00000000f6a80000)
  from space 13312K, 63% used [0x00000000f7c80000,0x00000000f84c4e70,0x00000000f8980000)
  to   space 15872K, 0% used [0x00000000f6a80000,0x00000000f6a80000,0x00000000f7a00000)
 ParOldGen       total 70656K, used 36193K [0x00000000c0000000, 0x00000000c4500000, 0x00000000eaa80000)
  object space 70656K, 51% used [0x00000000c0000000,0x00000000c2358570,0x00000000c4500000)
 PSPermGen       total 92672K, used 44545K [0x00000000b0000000, 0x00000000b5a80000, 0x00000000c0000000)
  object space 92672K, 48% used [0x00000000b0000000,0x00000000b2b80450,0x00000000b5a80000)
}
Event: 291.977 GC heap before
{Heap before GC invocations=23 (full 2):
 PSYoungGen      total 209920K, used 28677K [0x00000000eaa80000, 0x00000000f8980000, 0x0000000100000000)
  eden space 196608K, 10% used [0x00000000eaa80000,0x00000000ebe3c830,0x00000000f6a80000)
  from space 13312K, 63% used [0x00000000f7c80000,0x00000000f84c4e70,0x00000000f8980000)
  to   space 15872K, 0% used [0x00000000f6a80000,0x00000000f6a80000,0x00000000f7a00000)
 ParOldGen       total 70656K, used 36193K [0x00000000c0000000, 0x00000000c4500000, 0x00000000eaa80000)
  object space 70656K, 51% used [0x00000000c0000000,0x00000000c2358570,0x00000000c4500000)
 PSPermGen       total 92672K, used 44775K [0x00000000b0000000, 0x00000000b5a80000, 0x00000000c0000000)
  object space 92672K, 48% used [0x00000000b0000000,0x00000000b2bb9fb8,0x00000000b5a80000)
Event: 291.985 GC heap after
Heap after GC invocations=23 (full 2):
 PSYoungGen      total 197120K, used 320K [0x00000000eaa80000, 0x00000000f8880000, 0x0000000100000000)
  eden space 196608K, 0% used [0x00000000eaa80000,0x00000000eaa80000,0x00000000f6a80000)
  from space 512K, 62% used [0x00000000f6a80000,0x00000000f6ad0000,0x00000000f6b00000)
  to   space 15360K, 0% used [0x00000000f7980000,0x00000000f7980000,0x00000000f8880000)
 ParOldGen       total 70656K, used 39393K [0x00000000c0000000, 0x00000000c4500000, 0x00000000eaa80000)
  object space 70656K, 55% used [0x00000000c0000000,0x00000000c2678678,0x00000000c4500000)
 PSPermGen       total 92672K, used 44775K [0x00000000b0000000, 0x00000000b5a80000, 0x00000000c0000000)
  object space 92672K, 48% used [0x00000000b0000000,0x00000000b2bb9fb8,0x00000000b5a80000)
}
Event: 291.985 GC heap before
{Heap before GC invocations=24 (full 3):
 PSYoungGen      total 197120K, used 320K [0x00000000eaa80000, 0x00000000f8880000, 0x0000000100000000)
  eden space 196608K, 0% used [0x00000000eaa80000,0x00000000eaa80000,0x00000000f6a80000)
  from space 512K, 62% used [0x00000000f6a80000,0x00000000f6ad0000,0x00000000f6b00000)
  to   space 15360K, 0% used [0x00000000f7980000,0x00000000f7980000,0x00000000f8880000)
 ParOldGen       total 70656K, used 39393K [0x00000000c0000000, 0x00000000c4500000, 0x00000000eaa80000)
  object space 70656K, 55% used [0x00000000c0000000,0x00000000c2678678,0x00000000c4500000)
 PSPermGen       total 92672K, used 44775K [0x00000000b0000000, 0x00000000b5a80000, 0x00000000c0000000)
  object space 92672K, 48% used [0x00000000b0000000,0x00000000b2bb9fb8,0x00000000b5a80000)
Event: 292.656 GC heap after
Heap after GC invocations=24 (full 3):
 PSYoungGen      total 197120K, used 0K [0x00000000eaa80000, 0x00000000f8880000, 0x0000000100000000)
  eden space 196608K, 0% used [0x00000000eaa80000,0x00000000eaa80000,0x00000000f6a80000)
  from space 512K, 0% used [0x00000000f6a80000,0x00000000f6a80000,0x00000000f6b00000)
  to   space 15360K, 0% used [0x00000000f7980000,0x00000000f7980000,0x00000000f8880000)
 ParOldGen       total 70656K, used 39043K [0x00000000c0000000, 0x00000000c4500000, 0x00000000eaa80000)
  object space 70656K, 55% used [0x00000000c0000000,0x00000000c2620ca8,0x00000000c4500000)
 PSPermGen       total 91648K, used 44773K [0x00000000b0000000, 0x00000000b5980000, 0x00000000c0000000)
  object space 91648K, 48% used [0x00000000b0000000,0x00000000b2bb9630,0x00000000b5980000)
}
Event: 1516.491 GC heap before
{Heap before GC invocations=25 (full 3):
 PSYoungGen      total 197120K, used 173000K [0x00000000eaa80000, 0x00000000f8880000, 0x0000000100000000)
  eden space 196608K, 87% used [0x00000000eaa80000,0x00000000f5372030,0x00000000f6a80000)
  from space 512K, 0% used [0x00000000f6a80000,0x00000000f6a80000,0x00000000f6b00000)
  to   space 15360K, 0% used [0x00000000f7980000,0x00000000f7980000,0x00000000f8880000)
 ParOldGen       total 70656K, used 39043K [0x00000000c0000000, 0x00000000c4500000, 0x00000000eaa80000)
  object space 70656K, 55% used [0x00000000c0000000,0x00000000c2620ca8,0x00000000c4500000)
 PSPermGen       total 91648K, used 45520K [0x00000000b0000000, 0x00000000b5980000, 0x00000000c0000000)
  object space 91648K, 49% used [0x00000000b0000000,0x00000000b2c743f0,0x00000000b5980000)
Event: 1516.507 GC heap after
Heap after GC invocations=25 (full 3):
 PSYoungGen      total 209920K, used 5139K [0x00000000eaa80000, 0x00000000f8680000, 0x0000000100000000)
  eden space 196608K, 0% used [0x00000000eaa80000,0x00000000eaa80000,0x00000000f6a80000)
  from space 13312K, 38% used [0x00000000f7980000,0x00000000f7e84d58,0x00000000f8680000)
  to   space 14336K, 0% used [0x00000000f6a80000,0x00000000f6a80000,0x00000000f7880000)
 ParOldGen       total 70656K, used 39043K [0x00000000c0000000, 0x00000000c4500000, 0x00000000eaa80000)
  object space 70656K, 55% used [0x00000000c0000000,0x00000000c2620ca8,0x00000000c4500000)
 PSPermGen       total 91648K, used 45520K [0x00000000b0000000, 0x00000000b5980000, 0x00000000c0000000)
  object space 91648K, 49% used [0x00000000b0000000,0x00000000b2c743f0,0x00000000b5980000)
}
Event: 1516.507 GC heap before
{Heap before GC invocations=26 (full 4):
 PSYoungGen      total 209920K, used 5139K [0x00000000eaa80000, 0x00000000f8680000, 0x0000000100000000)
  eden space 196608K, 0% used [0x00000000eaa80000,0x00000000eaa80000,0x00000000f6a80000)
  from space 13312K, 38% used [0x00000000f7980000,0x00000000f7e84d58,0x00000000f8680000)
  to   space 14336K, 0% used [0x00000000f6a80000,0x00000000f6a80000,0x00000000f7880000)
 ParOldGen       total 70656K, used 39043K [0x00000000c0000000, 0x00000000c4500000, 0x00000000eaa80000)
  object space 70656K, 55% used [0x00000000c0000000,0x00000000c2620ca8,0x00000000c4500000)
 PSPermGen       total 91648K, used 45520K [0x00000000b0000000, 0x00000000b5980000, 0x00000000c0000000)
  object space 91648K, 49% used [0x00000000b0000000,0x00000000b2c743f0,0x00000000b5980000)
Event: 1516.881 GC heap after
Heap after GC invocations=26 (full 4):
 PSYoungGen      total 209920K, used 0K [0x00000000eaa80000, 0x00000000f8680000, 0x0000000100000000)
  eden space 196608K, 0% used [0x00000000eaa80000,0x00000000eaa80000,0x00000000f6a80000)
  from space 13312K, 0% used [0x00000000f7980000,0x00000000f7980000,0x00000000f8680000)
  to   space 14336K, 0% used [0x00000000f6a80000,0x00000000f6a80000,0x00000000f7880000)
 ParOldGen       total 70656K, used 19564K [0x00000000c0000000, 0x00000000c4500000, 0x00000000eaa80000)
  object space 70656K, 27% used [0x00000000c0000000,0x00000000c131b3b0,0x00000000c4500000)
 PSPermGen       total 87040K, used 43382K [0x00000000b0000000, 0x00000000b5500000, 0x00000000c0000000)
  object space 87040K, 49% used [0x00000000b0000000,0x00000000b2a5d958,0x00000000b5500000)
}

